# JRE version: Java(TM) SE Runtime Environment 18.9 (11.0.9+7) (build 11.0.9+7-LTS)
# Java VM: Java HotSpot(TM) 64-Bit Server VM 18.9 (11.0.9+7-LTS, mixed mode, tiered, compressed oops, g1 gc, windows-amd64)
Heap:
 garbage-first heap   total 98304K, used 20648K [0x00000000a1600000, 0x0000000100000000)
  region size 1024K, 18 young (18432K), 3 survivors (3072K)
 Metaspace       used 24061K, capacity 24788K, committed 24880K, reserved 1071104K
  class space    used 2656K, capacity 2939K, committed 2944K, reserved 1048576K
GC Heap History (6 events):
Event: 0.944 GC heap before
{Heap before GC invocations=0 (full 0):
 garbage-first heap   total 98304K, used 13312K [0x00000000a1600000, 0x0000000100000000)
  region size 1024K, 14 young (14336K), 0 survivors (0K)
 Metaspace       used 11538K, capacity 11909K, committed 12032K, reserved 1060864K
  class space    used 1099K, capacity 1206K, committed 1280K, reserved 1048576K
}
Event: 0.949 GC heap after
{Heap after GC invocations=1 (full 0):
 garbage-first heap   total 98304K, used 3630K [0x00000000a1600000, 0x0000000100000000)
  region size 1024K, 2 young (2048K), 2 survivors (2048K)
 Metaspace       used 11538K, capacity 11909K, committed 12032K, reserved 1060864K
  class space    used 1099K, capacity 1206K, committed 1280K, reserved 1048576K
}
Event: 1.550 GC heap before
{Heap before GC invocations=1 (full 0):
 garbage-first heap   total 98304K, used 13870K [0x00000000a1600000, 0x0000000100000000)
  region size 1024K, 12 young (12288K), 2 survivors (2048K)
 Metaspace       used 14869K, capacity 15299K, committed 15488K, reserved 1062912K
  class space    used 1473K, capacity 1614K, committed 1664K, reserved 1048576K
}
Event: 1.555 GC heap after
{Heap after GC invocations=2 (full 0):
 garbage-first heap   total 98304K, used 4440K [0x00000000a1600000, 0x0000000100000000)
  region size 1024K, 1 young (1024K), 1 survivors (1024K)
 Metaspace       used 14869K, capacity 15299K, committed 15488K, reserved 1062912K
  class space    used 1473K, capacity 1614K, committed 1664K, reserved 1048576K
}
Event: 2.774 GC heap before
{Heap before GC invocations=2 (full 0):
 garbage-first heap   total 98304K, used 22872K [0x00000000a1600000, 0x0000000100000000)
  region size 1024K, 20 young (20480K), 1 survivors (1024K)
 Metaspace       used 20690K, capacity 21200K, committed 21296K, reserved 1069056K
  class space    used 2174K, capacity 2370K, committed 2432K, reserved 1048576K
}
Event: 2.780 GC heap after
{Heap after GC invocations=3 (full 0):
 garbage-first heap   total 98304K, used 6312K [0x00000000a1600000, 0x0000000100000000)
  region size 1024K, 3 young (3072K), 3 survivors (3072K)
 Metaspace       used 20690K, capacity 21200K, committed 21296K, reserved 1069056K
  class space    used 2174K, capacity 2370K, committed 2432K, reserved 1048576K
}

