# JRE version: Java(TM) SE Runtime Environment 18.9 (11.0.9+7) (build 11.0.9+7-LTS)
# Java VM: Java HotSpot(TM) 64-Bit Server VM 18.9 (11.0.9+7-LTS, mixed mode, tiered, compressed oops, g1 gc, windows-amd64)
Heap:
 garbage-first heap   total 98304K, used 20671K [0x00000000a1600000, 0x0000000100000000)
  region size 1024K, 18 young (18432K), 3 survivors (3072K)
 Metaspace       used 24020K, capacity 24724K, committed 24880K, reserved 1071104K
  class space    used 2656K, capacity 2939K, committed 2944K, reserved 1048576K
GC Heap History (6 events):
Event: 0.800 GC heap before
{Heap before GC invocations=0 (full 0):
 garbage-first heap   total 98304K, used 13312K [0x00000000a1600000, 0x0000000100000000)
  region size 1024K, 14 young (14336K), 0 survivors (0K)
 Metaspace       used 11536K, capacity 11908K, committed 12032K, reserved 1060864K
  class space    used 1099K, capacity 1206K, committed 1280K, reserved 1048576K
}
Event: 0.805 GC heap after
{Heap after GC invocations=1 (full 0):
 garbage-first heap   total 98304K, used 3630K [0x00000000a1600000, 0x0000000100000000)
  region size 1024K, 2 young (2048K), 2 survivors (2048K)
 Metaspace       used 11536K, capacity 11908K, committed 12032K, reserved 1060864K
  class space    used 1099K, capacity 1206K, committed 1280K, reserved 1048576K
}
Event: 1.202 GC heap before
{Heap before GC invocations=1 (full 0):
 garbage-first heap   total 98304K, used 11822K [0x00000000a1600000, 0x0000000100000000)
  region size 1024K, 10 young (10240K), 2 survivors (2048K)
 Metaspace       used 14256K, capacity 14682K, committed 14976K, reserved 1062912K
  class space    used 1401K, capacity 1557K, committed 1664K, reserved 1048576K
}
Event: 1.207 GC heap after
{Heap after GC invocations=2 (full 0):
 garbage-first heap   total 98304K, used 4308K [0x00000000a1600000, 0x0000000100000000)
  region size 1024K, 1 young (1024K), 1 survivors (1024K)
 Metaspace       used 14256K, capacity 14682K, committed 14976K, reserved 1062912K
  class space    used 1401K, capacity 1557K, committed 1664K, reserved 1048576K
}
Event: 2.367 GC heap before
{Heap before GC invocations=2 (full 0):
 garbage-first heap   total 98304K, used 24788K [0x00000000a1600000, 0x0000000100000000)
  region size 1024K, 22 young (22528K), 1 survivors (1024K)
 Metaspace       used 20699K, capacity 21203K, committed 21296K, reserved 1069056K
  class space    used 2175K, capacity 2371K, committed 2432K, reserved 1048576K
}
Event: 2.377 GC heap after
{Heap after GC invocations=3 (full 0):
 garbage-first heap   total 98304K, used 6335K [0x00000000a1600000, 0x0000000100000000)
  region size 1024K, 3 young (3072K), 3 survivors (3072K)
 Metaspace       used 20699K, capacity 21203K, committed 21296K, reserved 1069056K
  class space    used 2175K, capacity 2371K, committed 2432K, reserved 1048576K
}

